<?xml version="1.0" encoding="UTF-8"?>
<!-- Generated by org.testng.reporters.JUnitReportReporter -->
<testsuite skipped="1" hostname="mydocument" name="ngpackage.NewTestNg" tests="6" failures="0" timestamp="2020-04-06T17:28:54 IST" time="0.044" errors="0">
  <testcase name="testCase2" time="0.030" classname="ngpackage.NewTestNg"/>
  <testcase name="data" time="0.003" classname="ngpackage.NewTestNg"/>
  <testcase name="dataa1" time="0.003" classname="ngpackage.NewTestNg"/>
  <testcase name="testCase5" time="0.004" classname="ngpackage.NewTestNg"/>
  <testcase name="testCase6" time="0.004" classname="ngpackage.NewTestNg"/>
  <testcase name="testCase1" classname="ngpackage.NewTestNg">
    <skipped/>
  </testcase> <!-- testCase1 -->
</testsuite> <!-- ngpackage.NewTestNg -->
