<?xml version="1.0" encoding="UTF-8"?>
<!-- Generated by org.testng.reporters.JUnitReportReporter -->
<testsuite skipped="0" hostname="mydocument" name="ngpackage.TestSnapshot" tests="1" failures="0" timestamp="2020-04-20T22:41:47 IST" time="13.727" errors="0">
  <testcase name="testGuru99TakeScreenShot" time="13.727" classname="ngpackage.TestSnapshot"/>
</testsuite> <!-- ngpackage.TestSnapshot -->
